# JRE version: OpenJDK Runtime Environment (11.0.13) (build 11.0.13+0-b1751.21-8125866)
# Java VM: OpenJDK 64-Bit Server VM (11.0.13+0-b1751.21-8125866, mixed mode, tiered, compressed oops, g1 gc, windows-amd64)
Heap:
 garbage-first heap   total 576512K, used 173797K [0x0000000080000000, 0x0000000100000000)
  region size 1024K, 2 young (2048K), 2 survivors (2048K)
 Metaspace       used 112491K, capacity 115073K, committed 115328K, reserved 1148928K
  class space    used 13870K, capacity 14838K, committed 14976K, reserved 1048576K
GC Heap History (20 events):
Event: 6606.920 GC heap after
{Heap after GC invocations=231 (full 0):
 garbage-first heap   total 205824K, used 148245K [0x0000000080000000, 0x0000000100000000)
  region size 1024K, 2 young (2048K), 2 survivors (2048K)
 Metaspace       used 110039K, capacity 112493K, committed 113024K, reserved 1146880K
  class space    used 13659K, capacity 14590K, committed 14720K, reserved 1048576K
}
Event: 6613.478 GC heap before
{Heap before GC invocations=232 (full 0):
 garbage-first heap   total 205824K, used 155413K [0x0000000080000000, 0x0000000100000000)
  region size 1024K, 10 young (10240K), 2 survivors (2048K)
 Metaspace       used 110098K, capacity 112571K, committed 113024K, reserved 1146880K
  class space    used 13660K, capacity 14592K, committed 14720K, reserved 1048576K
}
Event: 6613.566 GC heap after
{Heap after GC invocations=233 (full 0):
 garbage-first heap   total 205824K, used 148440K [0x0000000080000000, 0x0000000100000000)
  region size 1024K, 2 young (2048K), 2 survivors (2048K)
 Metaspace       used 110098K, capacity 112571K, committed 113024K, reserved 1146880K
  class space    used 13660K, capacity 14592K, committed 14720K, reserved 1048576K
}
Event: 6616.768 GC heap before
{Heap before GC invocations=233 (full 0):
 garbage-first heap   total 205824K, used 155608K [0x0000000080000000, 0x0000000100000000)
  region size 1024K, 10 young (10240K), 2 survivors (2048K)
 Metaspace       used 110293K, capacity 112750K, committed 113024K, reserved 1146880K
  class space    used 13674K, capacity 14600K, committed 14720K, reserved 1048576K
}
Event: 6616.951 GC heap after
{Heap after GC invocations=234 (full 0):
 garbage-first heap   total 205824K, used 148516K [0x0000000080000000, 0x0000000100000000)
  region size 1024K, 1 young (1024K), 1 survivors (1024K)
 Metaspace       used 110293K, capacity 112750K, committed 113024K, reserved 1146880K
  class space    used 13674K, capacity 14600K, committed 14720K, reserved 1048576K
}
Event: 6618.229 GC heap before
{Heap before GC invocations=234 (full 0):
 garbage-first heap   total 205824K, used 156708K [0x0000000080000000, 0x0000000100000000)
  region size 1024K, 10 young (10240K), 1 survivors (1024K)
 Metaspace       used 110361K, capacity 112761K, committed 113024K, reserved 1146880K
  class space    used 13674K, capacity 14600K, committed 14720K, reserved 1048576K
}
Event: 6618.236 GC heap after
{Heap after GC invocations=235 (full 0):
 garbage-first heap   total 205824K, used 148626K [0x0000000080000000, 0x0000000100000000)
  region size 1024K, 1 young (1024K), 1 survivors (1024K)
 Metaspace       used 110361K, capacity 112761K, committed 113024K, reserved 1146880K
  class space    used 13674K, capacity 14600K, committed 14720K, reserved 1048576K
}
Event: 6635.516 GC heap before
{Heap before GC invocations=236 (full 0):
 garbage-first heap   total 205824K, used 160914K [0x0000000080000000, 0x0000000100000000)
  region size 1024K, 14 young (14336K), 1 survivors (1024K)
 Metaspace       used 111520K, capacity 113929K, committed 114176K, reserved 1148928K
  class space    used 13818K, capacity 14754K, committed 14848K, reserved 1048576K
}
Event: 6635.543 GC heap after
{Heap after GC invocations=237 (full 0):
 garbage-first heap   total 205824K, used 149547K [0x0000000080000000, 0x0000000100000000)
  region size 1024K, 2 young (2048K), 2 survivors (2048K)
 Metaspace       used 111520K, capacity 113929K, committed 114176K, reserved 1148928K
  class space    used 13818K, capacity 14754K, committed 14848K, reserved 1048576K
}
Event: 6643.090 GC heap before
{Heap before GC invocations=237 (full 0):
 garbage-first heap   total 205824K, used 164907K [0x0000000080000000, 0x0000000100000000)
  region size 1024K, 18 young (18432K), 2 survivors (2048K)
 Metaspace       used 111734K, capacity 114313K, committed 114688K, reserved 1148928K
  class space    used 13818K, capacity 14754K, committed 14848K, reserved 1048576K
}
Event: 6644.950 GC heap after
{Heap after GC invocations=238 (full 0):
 garbage-first heap   total 205824K, used 152837K [0x0000000080000000, 0x0000000100000000)
  region size 1024K, 3 young (3072K), 3 survivors (3072K)
 Metaspace       used 111734K, capacity 114313K, committed 114688K, reserved 1148928K
  class space    used 13818K, capacity 14754K, committed 14848K, reserved 1048576K
}
Event: 6648.563 GC heap before
{Heap before GC invocations=239 (full 0):
 garbage-first heap   total 205824K, used 160005K [0x0000000080000000, 0x0000000100000000)
  region size 1024K, 10 young (10240K), 3 survivors (3072K)
 Metaspace       used 111748K, capacity 114313K, committed 114688K, reserved 1148928K
  class space    used 13818K, capacity 14754K, committed 14848K, reserved 1048576K
}
Event: 6648.811 GC heap after
{Heap after GC invocations=240 (full 0):
 garbage-first heap   total 396288K, used 154952K [0x0000000080000000, 0x0000000100000000)
  region size 1024K, 2 young (2048K), 2 survivors (2048K)
 Metaspace       used 111748K, capacity 114313K, committed 114688K, reserved 1148928K
  class space    used 13818K, capacity 14754K, committed 14848K, reserved 1048576K
}
Event: 6654.390 GC heap before
{Heap before GC invocations=240 (full 0):
 garbage-first heap   total 396288K, used 163144K [0x0000000080000000, 0x0000000100000000)
  region size 1024K, 11 young (11264K), 2 survivors (2048K)
 Metaspace       used 111793K, capacity 114313K, committed 114688K, reserved 1148928K
  class space    used 13818K, capacity 14754K, committed 14848K, reserved 1048576K
}
Event: 6654.628 GC heap after
{Heap after GC invocations=241 (full 0):
 garbage-first heap   total 396288K, used 157836K [0x0000000080000000, 0x0000000100000000)
  region size 1024K, 3 young (3072K), 3 survivors (3072K)
 Metaspace       used 111793K, capacity 114313K, committed 114688K, reserved 1148928K
  class space    used 13818K, capacity 14754K, committed 14848K, reserved 1048576K
}
Event: 6661.964 GC heap before
{Heap before GC invocations=242 (full 0):
 garbage-first heap   total 396288K, used 183436K [0x0000000080000000, 0x0000000100000000)
  region size 1024K, 26 young (26624K), 3 survivors (3072K)
 Metaspace       used 111879K, capacity 114441K, committed 114688K, reserved 1148928K
  class space    used 13818K, capacity 14754K, committed 14848K, reserved 1048576K
}
Event: 6663.028 GC heap after
{Heap after GC invocations=243 (full 0):
 garbage-first heap   total 396288K, used 169314K [0x0000000080000000, 0x0000000100000000)
  region size 1024K, 4 young (4096K), 4 survivors (4096K)
 Metaspace       used 111879K, capacity 114441K, committed 114688K, reserved 1148928K
  class space    used 13818K, capacity 14754K, committed 14848K, reserved 1048576K
}
Event: 6664.577 GC heap before
{Heap before GC invocations=243 (full 0):
 garbage-first heap   total 396288K, used 184674K [0x0000000080000000, 0x0000000100000000)
  region size 1024K, 19 young (19456K), 4 survivors (4096K)
 Metaspace       used 112310K, capacity 114849K, committed 114944K, reserved 1148928K
  class space    used 13856K, capacity 14806K, committed 14848K, reserved 1048576K
}
Event: 6665.093 GC heap after
{Heap after GC invocations=244 (full 0):
 garbage-first heap   total 396288K, used 172457K [0x0000000080000000, 0x0000000100000000)
  region size 1024K, 3 young (3072K), 3 survivors (3072K)
 Metaspace       used 112310K, capacity 114849K, committed 114944K, reserved 1148928K
  class space    used 13856K, capacity 14806K, committed 14848K, reserved 1048576K
}
Event: 6665.883 GC heap before
{Heap before GC invocations=245 (full 0):
 garbage-first heap   total 396288K, used 175529K [0x0000000080000000, 0x0000000100000000)
  region size 1024K, 7 young (7168K), 3 survivors (3072K)
 Metaspace       used 112491K, capacity 115073K, committed 115328K, reserved 1148928K
  class space    used 13870K, capacity 14838K, committed 14976K, reserved 1048576K
}

