# JRE version: OpenJDK Runtime Environment (11.0.13) (build 11.0.13+0-b1751.21-8125866)
# Java VM: OpenJDK 64-Bit Server VM (11.0.13+0-b1751.21-8125866, mixed mode, tiered, compressed oops, g1 gc, windows-amd64)
Heap:
 garbage-first heap   total 522240K, used 218767K [0x0000000080000000, 0x0000000100000000)
  region size 1024K, 3 young (3072K), 3 survivors (3072K)
 Metaspace       used 152779K, capacity 158573K, committed 158800K, reserved 1187840K
  class space    used 18616K, capacity 20692K, committed 20736K, reserved 1048576K
GC Heap History (20 events):
Event: 6652.893 GC heap before
{Heap before GC invocations=314 (full 0):
 garbage-first heap   total 455680K, used 249582K [0x0000000080000000, 0x0000000100000000)
  region size 1024K, 22 young (22528K), 1 survivors (1024K)
 Metaspace       used 152545K, capacity 158316K, committed 158544K, reserved 1187840K
  class space    used 18602K, capacity 20666K, committed 20736K, reserved 1048576K
}
Event: 6658.878 GC heap after
{Heap after GC invocations=315 (full 0):
 garbage-first heap   total 455680K, used 223294K [0x0000000080000000, 0x0000000100000000)
  region size 1024K, 3 young (3072K), 3 survivors (3072K)
 Metaspace       used 152545K, capacity 158316K, committed 158544K, reserved 1187840K
  class space    used 18602K, capacity 20666K, committed 20736K, reserved 1048576K
}
Event: 6661.233 GC heap before
{Heap before GC invocations=315 (full 0):
 garbage-first heap   total 455680K, used 241726K [0x0000000080000000, 0x0000000100000000)
  region size 1024K, 22 young (22528K), 3 survivors (3072K)
 Metaspace       used 152545K, capacity 158316K, committed 158544K, reserved 1187840K
  class space    used 18602K, capacity 20666K, committed 20736K, reserved 1048576K
}
Event: 6662.394 GC heap after
{Heap after GC invocations=316 (full 0):
 garbage-first heap   total 455680K, used 223776K [0x0000000080000000, 0x0000000100000000)
  region size 1024K, 3 young (3072K), 3 survivors (3072K)
 Metaspace       used 152545K, capacity 158316K, committed 158544K, reserved 1187840K
  class space    used 18602K, capacity 20666K, committed 20736K, reserved 1048576K
}
Event: 6664.448 GC heap before
{Heap before GC invocations=316 (full 0):
 garbage-first heap   total 455680K, used 242208K [0x0000000080000000, 0x0000000100000000)
  region size 1024K, 22 young (22528K), 3 survivors (3072K)
 Metaspace       used 152549K, capacity 158316K, committed 158544K, reserved 1187840K
  class space    used 18602K, capacity 20666K, committed 20736K, reserved 1048576K
}
Event: 6665.097 GC heap after
{Heap after GC invocations=317 (full 0):
 garbage-first heap   total 455680K, used 224380K [0x0000000080000000, 0x0000000100000000)
  region size 1024K, 1 young (1024K), 1 survivors (1024K)
 Metaspace       used 152549K, capacity 158316K, committed 158544K, reserved 1187840K
  class space    used 18602K, capacity 20666K, committed 20736K, reserved 1048576K
}
Event: 6670.490 GC heap before
{Heap before GC invocations=317 (full 0):
 garbage-first heap   total 455680K, used 244860K [0x0000000080000000, 0x0000000100000000)
  region size 1024K, 22 young (22528K), 1 survivors (1024K)
 Metaspace       used 152588K, capacity 158374K, committed 158544K, reserved 1187840K
  class space    used 18609K, capacity 20680K, committed 20736K, reserved 1048576K
}
Event: 6670.532 GC heap after
{Heap after GC invocations=318 (full 0):
 garbage-first heap   total 455680K, used 225401K [0x0000000080000000, 0x0000000100000000)
  region size 1024K, 2 young (2048K), 2 survivors (2048K)
 Metaspace       used 152588K, capacity 158374K, committed 158544K, reserved 1187840K
  class space    used 18609K, capacity 20680K, committed 20736K, reserved 1048576K
}
Event: 6695.127 GC heap before
{Heap before GC invocations=319 (full 0):
 garbage-first heap   total 455680K, used 232569K [0x0000000080000000, 0x0000000100000000)
  region size 1024K, 22 young (22528K), 2 survivors (2048K)
 Metaspace       used 152600K, capacity 158374K, committed 158544K, reserved 1187840K
  class space    used 18609K, capacity 20680K, committed 20736K, reserved 1048576K
}
Event: 6695.188 GC heap after
{Heap after GC invocations=320 (full 0):
 garbage-first heap   total 455680K, used 218050K [0x0000000080000000, 0x0000000100000000)
  region size 1024K, 3 young (3072K), 3 survivors (3072K)
 Metaspace       used 152600K, capacity 158374K, committed 158544K, reserved 1187840K
  class space    used 18609K, capacity 20680K, committed 20736K, reserved 1048576K
}
Event: 6697.647 GC heap before
{Heap before GC invocations=320 (full 0):
 garbage-first heap   total 455680K, used 237506K [0x0000000080000000, 0x0000000100000000)
  region size 1024K, 22 young (22528K), 3 survivors (3072K)
 Metaspace       used 152623K, capacity 158375K, committed 158544K, reserved 1187840K
  class space    used 18609K, capacity 20680K, committed 20736K, reserved 1048576K
}
Event: 6697.724 GC heap after
{Heap after GC invocations=321 (full 0):
 garbage-first heap   total 455680K, used 213184K [0x0000000080000000, 0x0000000100000000)
  region size 1024K, 3 young (3072K), 3 survivors (3072K)
 Metaspace       used 152623K, capacity 158375K, committed 158544K, reserved 1187840K
  class space    used 18609K, capacity 20680K, committed 20736K, reserved 1048576K
}
Event: 6698.556 GC heap before
{Heap before GC invocations=321 (full 0):
 garbage-first heap   total 455680K, used 232640K [0x0000000080000000, 0x0000000100000000)
  region size 1024K, 22 young (22528K), 3 survivors (3072K)
 Metaspace       used 152696K, capacity 158507K, committed 158800K, reserved 1187840K
  class space    used 18609K, capacity 20680K, committed 20736K, reserved 1048576K
}
Event: 6698.629 GC heap after
{Heap after GC invocations=322 (full 0):
 garbage-first heap   total 455680K, used 215320K [0x0000000080000000, 0x0000000100000000)
  region size 1024K, 3 young (3072K), 3 survivors (3072K)
 Metaspace       used 152696K, capacity 158507K, committed 158800K, reserved 1187840K
  class space    used 18609K, capacity 20680K, committed 20736K, reserved 1048576K
}
Event: 6699.395 GC heap before
{Heap before GC invocations=322 (full 0):
 garbage-first heap   total 455680K, used 223512K [0x0000000080000000, 0x0000000100000000)
  region size 1024K, 13 young (13312K), 3 survivors (3072K)
 Metaspace       used 152710K, capacity 158522K, committed 158800K, reserved 1187840K
  class space    used 18611K, capacity 20684K, committed 20736K, reserved 1048576K
}
Event: 6699.440 GC heap after
{Heap after GC invocations=323 (full 0):
 garbage-first heap   total 455680K, used 216074K [0x0000000080000000, 0x0000000100000000)
  region size 1024K, 1 young (1024K), 1 survivors (1024K)
 Metaspace       used 152710K, capacity 158522K, committed 158800K, reserved 1187840K
  class space    used 18611K, capacity 20684K, committed 20736K, reserved 1048576K
}
Event: 6701.635 GC heap before
{Heap before GC invocations=324 (full 0):
 garbage-first heap   total 455680K, used 239626K [0x0000000080000000, 0x0000000100000000)
  region size 1024K, 22 young (22528K), 1 survivors (1024K)
 Metaspace       used 152747K, capacity 158570K, committed 158800K, reserved 1187840K
  class space    used 18616K, capacity 20692K, committed 20736K, reserved 1048576K
}
Event: 6701.678 GC heap after
{Heap after GC invocations=325 (full 0):
 garbage-first heap   total 455680K, used 221841K [0x0000000080000000, 0x0000000100000000)
  region size 1024K, 3 young (3072K), 3 survivors (3072K)
 Metaspace       used 152747K, capacity 158570K, committed 158800K, reserved 1187840K
  class space    used 18616K, capacity 20692K, committed 20736K, reserved 1048576K
}
Event: 6703.137 GC heap before
{Heap before GC invocations=325 (full 0):
 garbage-first heap   total 455680K, used 241297K [0x0000000080000000, 0x0000000100000000)
  region size 1024K, 22 young (22528K), 3 survivors (3072K)
 Metaspace       used 152754K, capacity 158570K, committed 158800K, reserved 1187840K
  class space    used 18616K, capacity 20692K, committed 20736K, reserved 1048576K
}
Event: 6703.242 GC heap after
{Heap after GC invocations=326 (full 0):
 garbage-first heap   total 455680K, used 217130K [0x0000000080000000, 0x0000000100000000)
  region size 1024K, 3 young (3072K), 3 survivors (3072K)
 Metaspace       used 152754K, capacity 158570K, committed 158800K, reserved 1187840K
  class space    used 18616K, capacity 20692K, committed 20736K, reserved 1048576K
}

