# JRE version: OpenJDK Runtime Environment (11.0.13) (build 11.0.13+0-b1751.21-8125866)
# Java VM: OpenJDK 64-Bit Server VM (11.0.13+0-b1751.21-8125866, mixed mode, tiered, compressed oops, g1 gc, windows-amd64)
Heap:
 garbage-first heap   total 660480K, used 330734K [0x0000000080000000, 0x0000000100000000)
  region size 1024K, 3 young (3072K), 3 survivors (3072K)
 Metaspace       used 143510K, capacity 147784K, committed 147968K, reserved 1177600K
  class space    used 17373K, capacity 18891K, committed 18944K, reserved 1048576K
GC Heap History (20 events):
Event: 3843.056 GC heap after
{Heap after GC invocations=208 (full 0):
 garbage-first heap   total 483328K, used 275036K [0x0000000080000000, 0x0000000100000000)
  region size 1024K, 7 young (7168K), 7 survivors (7168K)
 Metaspace       used 137230K, capacity 141157K, committed 141440K, reserved 1173504K
  class space    used 16581K, capacity 17962K, committed 18048K, reserved 1048576K
}
Event: 3843.309 GC heap before
{Heap before GC invocations=208 (full 0):
 garbage-first heap   total 483328K, used 366172K [0x0000000080000000, 0x0000000100000000)
  region size 1024K, 97 young (99328K), 7 survivors (7168K)
 Metaspace       used 137231K, capacity 141157K, committed 141440K, reserved 1173504K
  class space    used 16581K, capacity 17962K, committed 18048K, reserved 1048576K
}
Event: 3843.321 GC heap after
{Heap after GC invocations=209 (full 0):
 garbage-first heap   total 483328K, used 276756K [0x0000000080000000, 0x0000000100000000)
  region size 1024K, 8 young (8192K), 8 survivors (8192K)
 Metaspace       used 137231K, capacity 141157K, committed 141440K, reserved 1173504K
  class space    used 16581K, capacity 17962K, committed 18048K, reserved 1048576K
}
Event: 3843.839 GC heap before
{Heap before GC invocations=209 (full 0):
 garbage-first heap   total 483328K, used 388372K [0x0000000080000000, 0x0000000100000000)
  region size 1024K, 118 young (120832K), 8 survivors (8192K)
 Metaspace       used 137237K, capacity 141157K, committed 141440K, reserved 1173504K
  class space    used 16581K, capacity 17962K, committed 18048K, reserved 1048576K
}
Event: 3844.042 GC heap after
{Heap after GC invocations=210 (full 0):
 garbage-first heap   total 483328K, used 278902K [0x0000000080000000, 0x0000000100000000)
  region size 1024K, 10 young (10240K), 10 survivors (10240K)
 Metaspace       used 137237K, capacity 141157K, committed 141440K, reserved 1173504K
  class space    used 16581K, capacity 17962K, committed 18048K, reserved 1048576K
}
Event: 3848.611 GC heap before
{Heap before GC invocations=210 (full 0):
 garbage-first heap   total 483328K, used 391542K [0x0000000080000000, 0x0000000100000000)
  region size 1024K, 120 young (122880K), 10 survivors (10240K)
 Metaspace       used 137757K, capacity 141659K, committed 141952K, reserved 1173504K
  class space    used 16631K, capacity 17997K, committed 18048K, reserved 1048576K
}
Event: 3848.683 GC heap after
{Heap after GC invocations=211 (full 0):
 garbage-first heap   total 483328K, used 272478K [0x0000000080000000, 0x0000000100000000)
  region size 1024K, 4 young (4096K), 4 survivors (4096K)
 Metaspace       used 137757K, capacity 141659K, committed 141952K, reserved 1173504K
  class space    used 16631K, capacity 17997K, committed 18048K, reserved 1048576K
}
Event: 3879.778 GC heap before
{Heap before GC invocations=211 (full 0):
 garbage-first heap   total 483328K, used 390238K [0x0000000080000000, 0x0000000100000000)
  region size 1024K, 120 young (122880K), 4 survivors (4096K)
 Metaspace       used 138625K, capacity 142631K, committed 142848K, reserved 1173504K
  class space    used 16742K, capacity 18125K, committed 18176K, reserved 1048576K
}
Event: 3879.954 GC heap after
{Heap after GC invocations=212 (full 0):
 garbage-first heap   total 483328K, used 281359K [0x0000000080000000, 0x0000000100000000)
  region size 1024K, 13 young (13312K), 13 survivors (13312K)
 Metaspace       used 138625K, capacity 142631K, committed 142848K, reserved 1173504K
  class space    used 16742K, capacity 18125K, committed 18176K, reserved 1048576K
}
Event: 3886.637 GC heap before
{Heap before GC invocations=212 (full 0):
 garbage-first heap   total 483328K, used 398095K [0x0000000080000000, 0x0000000100000000)
  region size 1024K, 128 young (131072K), 13 survivors (13312K)
 Metaspace       used 139118K, capacity 143053K, committed 143232K, reserved 1173504K
  class space    used 16814K, capacity 18220K, committed 18304K, reserved 1048576K
}
Event: 3886.943 GC heap after
{Heap after GC invocations=213 (full 0):
 garbage-first heap   total 483328K, used 287004K [0x0000000080000000, 0x0000000100000000)
  region size 1024K, 6 young (6144K), 6 survivors (6144K)
 Metaspace       used 139118K, capacity 143053K, committed 143232K, reserved 1173504K
  class space    used 16814K, capacity 18220K, committed 18304K, reserved 1048576K
}
Event: 3891.986 GC heap before
{Heap before GC invocations=213 (full 0):
 garbage-first heap   total 483328K, used 369948K [0x0000000080000000, 0x0000000100000000)
  region size 1024K, 80 young (81920K), 6 survivors (6144K)
 Metaspace       used 139803K, capacity 143897K, committed 144128K, reserved 1175552K
  class space    used 16915K, capacity 18343K, committed 18432K, reserved 1048576K
}
Event: 3892.075 GC heap after
{Heap after GC invocations=214 (full 0):
 garbage-first heap   total 483328K, used 302793K [0x0000000080000000, 0x0000000100000000)
  region size 1024K, 10 young (10240K), 10 survivors (10240K)
 Metaspace       used 139803K, capacity 143897K, committed 144128K, reserved 1175552K
  class space    used 16915K, capacity 18343K, committed 18432K, reserved 1048576K
}
Event: 3900.080 GC heap before
{Heap before GC invocations=214 (full 0):
 garbage-first heap   total 483328K, used 366281K [0x0000000080000000, 0x0000000100000000)
  region size 1024K, 73 young (74752K), 10 survivors (10240K)
 Metaspace       used 141989K, capacity 146215K, committed 146432K, reserved 1177600K
  class space    used 17197K, capacity 18670K, committed 18688K, reserved 1048576K
}
Event: 3900.190 GC heap after
{Heap after GC invocations=215 (full 0):
 garbage-first heap   total 483328K, used 311296K [0x0000000080000000, 0x0000000100000000)
  region size 1024K, 10 young (10240K), 10 survivors (10240K)
 Metaspace       used 141989K, capacity 146215K, committed 146432K, reserved 1177600K
  class space    used 17197K, capacity 18670K, committed 18688K, reserved 1048576K
}
Event: 3902.186 GC heap before
{Heap before GC invocations=215 (full 0):
 garbage-first heap   total 483328K, used 377856K [0x0000000080000000, 0x0000000100000000)
  region size 1024K, 75 young (76800K), 10 survivors (10240K)
 Metaspace       used 143309K, capacity 147572K, committed 147712K, reserved 1177600K
  class space    used 17345K, capacity 18845K, committed 18944K, reserved 1048576K
}
Event: 3902.876 GC heap after
{Heap after GC invocations=216 (full 0):
 garbage-first heap   total 483328K, used 322928K [0x0000000080000000, 0x0000000100000000)
  region size 1024K, 10 young (10240K), 10 survivors (10240K)
 Metaspace       used 143309K, capacity 147572K, committed 147712K, reserved 1177600K
  class space    used 17345K, capacity 18845K, committed 18944K, reserved 1048576K
}
Event: 3903.016 GC heap before
{Heap before GC invocations=216 (full 0):
 garbage-first heap   total 483328K, used 338288K [0x0000000080000000, 0x0000000100000000)
  region size 1024K, 25 young (25600K), 10 survivors (10240K)
 Metaspace       used 143430K, capacity 147679K, committed 147968K, reserved 1177600K
  class space    used 17363K, capacity 18856K, committed 18944K, reserved 1048576K
}
Event: 3903.474 GC heap after
{Heap after GC invocations=217 (full 0):
 garbage-first heap   total 483328K, used 327660K [0x0000000080000000, 0x0000000100000000)
  region size 1024K, 4 young (4096K), 4 survivors (4096K)
 Metaspace       used 143430K, capacity 147679K, committed 147968K, reserved 1177600K
  class space    used 17363K, capacity 18856K, committed 18944K, reserved 1048576K
}
Event: 3903.609 GC heap before
{Heap before GC invocations=217 (full 0):
 garbage-first heap   total 483328K, used 347116K [0x0000000080000000, 0x0000000100000000)
  region size 1024K, 23 young (23552K), 4 survivors (4096K)
 Metaspace       used 143510K, capacity 147784K, committed 147968K, reserved 1177600K
  class space    used 17373K, capacity 18891K, committed 18944K, reserved 1048576K
}

