# JRE version: OpenJDK Runtime Environment (11.0.13) (build 11.0.13+0-b1751.21-8125866)
# Java VM: OpenJDK 64-Bit Server VM (11.0.13+0-b1751.21-8125866, mixed mode, tiered, compressed oops, g1 gc, windows-amd64)
Heap:
 garbage-first heap   total 428032K, used 218488K [0x0000000080000000, 0x0000000100000000)
  region size 1024K, 74 young (75776K), 4 survivors (4096K)
 Metaspace       used 117105K, capacity 120218K, committed 120400K, reserved 1155072K
  class space    used 14425K, capacity 15567K, committed 15616K, reserved 1048576K
GC Heap History (20 events):
Event: 315.820 GC heap before
{Heap before GC invocations=141 (full 0):
 garbage-first heap   total 358400K, used 293889K [0x0000000080000000, 0x0000000100000000)
  region size 1024K, 146 young (149504K), 5 survivors (5120K)
 Metaspace       used 115317K, capacity 118160K, committed 118352K, reserved 1153024K
  class space    used 14190K, capacity 15240K, committed 15360K, reserved 1048576K
}
Event: 315.850 GC heap after
{Heap after GC invocations=142 (full 0):
 garbage-first heap   total 358400K, used 149966K [0x0000000080000000, 0x0000000100000000)
  region size 1024K, 5 young (5120K), 5 survivors (5120K)
 Metaspace       used 115317K, capacity 118160K, committed 118352K, reserved 1153024K
  class space    used 14190K, capacity 15240K, committed 15360K, reserved 1048576K
}
Event: 317.058 GC heap before
{Heap before GC invocations=142 (full 0):
 garbage-first heap   total 358400K, used 311758K [0x0000000080000000, 0x0000000100000000)
  region size 1024K, 163 young (166912K), 5 survivors (5120K)
 Metaspace       used 115394K, capacity 118235K, committed 118352K, reserved 1153024K
  class space    used 14196K, capacity 15243K, committed 15360K, reserved 1048576K
}
Event: 317.083 GC heap after
{Heap after GC invocations=143 (full 0):
 garbage-first heap   total 358400K, used 150409K [0x0000000080000000, 0x0000000100000000)
  region size 1024K, 5 young (5120K), 5 survivors (5120K)
 Metaspace       used 115394K, capacity 118235K, committed 118352K, reserved 1153024K
  class space    used 14196K, capacity 15243K, committed 15360K, reserved 1048576K
}
Event: 318.175 GC heap before
{Heap before GC invocations=143 (full 0):
 garbage-first heap   total 358400K, used 311177K [0x0000000080000000, 0x0000000100000000)
  region size 1024K, 162 young (165888K), 5 survivors (5120K)
 Metaspace       used 115428K, capacity 118258K, committed 118608K, reserved 1153024K
  class space    used 14200K, capacity 15251K, committed 15360K, reserved 1048576K
}
Event: 318.210 GC heap after
{Heap after GC invocations=144 (full 0):
 garbage-first heap   total 358400K, used 150866K [0x0000000080000000, 0x0000000100000000)
  region size 1024K, 6 young (6144K), 6 survivors (6144K)
 Metaspace       used 115428K, capacity 118258K, committed 118608K, reserved 1153024K
  class space    used 14200K, capacity 15251K, committed 15360K, reserved 1048576K
}
Event: 319.133 GC heap before
{Heap before GC invocations=145 (full 0):
 garbage-first heap   total 358400K, used 310610K [0x0000000080000000, 0x0000000100000000)
  region size 1024K, 163 young (166912K), 6 survivors (6144K)
 Metaspace       used 115440K, capacity 118260K, committed 118608K, reserved 1153024K
  class space    used 14201K, capacity 15252K, committed 15360K, reserved 1048576K
}
Event: 319.164 GC heap after
{Heap after GC invocations=146 (full 0):
 garbage-first heap   total 358400K, used 151776K [0x0000000080000000, 0x0000000100000000)
  region size 1024K, 6 young (6144K), 6 survivors (6144K)
 Metaspace       used 115440K, capacity 118260K, committed 118608K, reserved 1153024K
  class space    used 14201K, capacity 15252K, committed 15360K, reserved 1048576K
}
Event: 319.222 GC heap before
{Heap before GC invocations=146 (full 0):
 garbage-first heap   total 358400K, used 163040K [0x0000000080000000, 0x0000000100000000)
  region size 1024K, 17 young (17408K), 6 survivors (6144K)
 Metaspace       used 115441K, capacity 118260K, committed 118608K, reserved 1153024K
  class space    used 14201K, capacity 15252K, committed 15360K, reserved 1048576K
}
Event: 319.273 GC heap after
{Heap after GC invocations=147 (full 0):
 garbage-first heap   total 428032K, used 149770K [0x0000000080000000, 0x0000000100000000)
  region size 1024K, 2 young (2048K), 2 survivors (2048K)
 Metaspace       used 115441K, capacity 118260K, committed 118608K, reserved 1153024K
  class space    used 14201K, capacity 15252K, committed 15360K, reserved 1048576K
}
Event: 320.669 GC heap before
{Heap before GC invocations=147 (full 0):
 garbage-first heap   total 428032K, used 344330K [0x0000000080000000, 0x0000000100000000)
  region size 1024K, 192 young (196608K), 2 survivors (2048K)
 Metaspace       used 115464K, capacity 118263K, committed 118608K, reserved 1153024K
  class space    used 14201K, capacity 15252K, committed 15360K, reserved 1048576K
}
Event: 320.693 GC heap after
{Heap after GC invocations=148 (full 0):
 garbage-first heap   total 428032K, used 150355K [0x0000000080000000, 0x0000000100000000)
  region size 1024K, 3 young (3072K), 3 survivors (3072K)
 Metaspace       used 115464K, capacity 118263K, committed 118608K, reserved 1153024K
  class space    used 14201K, capacity 15252K, committed 15360K, reserved 1048576K
}
Event: 322.181 GC heap before
{Heap before GC invocations=148 (full 0):
 garbage-first heap   total 428032K, used 354131K [0x0000000080000000, 0x0000000100000000)
  region size 1024K, 202 young (206848K), 3 survivors (3072K)
 Metaspace       used 115498K, capacity 118391K, committed 118608K, reserved 1153024K
  class space    used 14201K, capacity 15252K, committed 15360K, reserved 1048576K
}
Event: 322.197 GC heap after
{Heap after GC invocations=149 (full 0):
 garbage-first heap   total 428032K, used 150991K [0x0000000080000000, 0x0000000100000000)
  region size 1024K, 3 young (3072K), 3 survivors (3072K)
 Metaspace       used 115498K, capacity 118391K, committed 118608K, reserved 1153024K
  class space    used 14201K, capacity 15252K, committed 15360K, reserved 1048576K
}
Event: 323.599 GC heap before
{Heap before GC invocations=149 (full 0):
 garbage-first heap   total 428032K, used 369103K [0x0000000080000000, 0x0000000100000000)
  region size 1024K, 216 young (221184K), 3 survivors (3072K)
 Metaspace       used 115506K, capacity 118391K, committed 118608K, reserved 1153024K
  class space    used 14201K, capacity 15252K, committed 15360K, reserved 1048576K
}
Event: 323.620 GC heap after
{Heap after GC invocations=150 (full 0):
 garbage-first heap   total 428032K, used 151958K [0x0000000080000000, 0x0000000100000000)
  region size 1024K, 4 young (4096K), 4 survivors (4096K)
 Metaspace       used 115506K, capacity 118391K, committed 118608K, reserved 1153024K
  class space    used 14201K, capacity 15252K, committed 15360K, reserved 1048576K
}
Event: 325.958 GC heap before
{Heap before GC invocations=151 (full 0):
 garbage-first heap   total 428032K, used 371094K [0x0000000080000000, 0x0000000100000000)
  region size 1024K, 218 young (223232K), 4 survivors (4096K)
 Metaspace       used 115654K, capacity 118547K, committed 118608K, reserved 1153024K
  class space    used 14220K, capacity 15300K, committed 15360K, reserved 1048576K
}
Event: 325.987 GC heap after
{Heap after GC invocations=152 (full 0):
 garbage-first heap   total 428032K, used 152724K [0x0000000080000000, 0x0000000100000000)
  region size 1024K, 5 young (5120K), 5 survivors (5120K)
 Metaspace       used 115654K, capacity 118547K, committed 118608K, reserved 1153024K
  class space    used 14220K, capacity 15300K, committed 15360K, reserved 1048576K
}
Event: 326.078 GC heap before
{Heap before GC invocations=152 (full 0):
 garbage-first heap   total 428032K, used 168084K [0x0000000080000000, 0x0000000100000000)
  region size 1024K, 20 young (20480K), 5 survivors (5120K)
 Metaspace       used 115655K, capacity 118547K, committed 118608K, reserved 1153024K
  class space    used 14220K, capacity 15300K, committed 15360K, reserved 1048576K
}
Event: 326.126 GC heap after
{Heap after GC invocations=153 (full 0):
 garbage-first heap   total 428032K, used 146505K [0x0000000080000000, 0x0000000100000000)
  region size 1024K, 2 young (2048K), 2 survivors (2048K)
 Metaspace       used 115655K, capacity 118547K, committed 118608K, reserved 1153024K
  class space    used 14220K, capacity 15300K, committed 15360K, reserved 1048576K
}

