# JRE version: OpenJDK Runtime Environment (11.0.13) (build 11.0.13+0-b1751.21-8125866)
# Java VM: OpenJDK 64-Bit Server VM (11.0.13+0-b1751.21-8125866, mixed mode, tiered, compressed oops, g1 gc, windows-amd64)
Heap:
 garbage-first heap   total 778240K, used 206522K [0x0000000080000000, 0x0000000100000000)
  region size 1024K, 3 young (3072K), 3 survivors (3072K)
 Metaspace       used 154610K, capacity 159160K, committed 159484K, reserved 1187840K
  class space    used 19121K, capacity 20713K, committed 20812K, reserved 1048576K
GC Heap History (20 events):
Event: 2845.473 GC heap after
{Heap after GC invocations=219 (full 0):
 garbage-first heap   total 293888K, used 243871K [0x0000000080000000, 0x0000000100000000)
  region size 1024K, 2 young (2048K), 2 survivors (2048K)
 Metaspace       used 149507K, capacity 154044K, committed 154364K, reserved 1183744K
  class space    used 18706K, capacity 20299K, committed 20556K, reserved 1048576K
}
Event: 2846.018 GC heap before
{Heap before GC invocations=219 (full 0):
 garbage-first heap   total 293888K, used 255135K [0x0000000080000000, 0x0000000100000000)
  region size 1024K, 14 young (14336K), 2 survivors (2048K)
 Metaspace       used 150215K, capacity 154693K, committed 155132K, reserved 1183744K
  class space    used 18760K, capacity 20336K, committed 20556K, reserved 1048576K
}
Event: 2846.031 GC heap after
{Heap after GC invocations=220 (full 0):
 garbage-first heap   total 293888K, used 245865K [0x0000000080000000, 0x0000000100000000)
  region size 1024K, 2 young (2048K), 2 survivors (2048K)
 Metaspace       used 150215K, capacity 154693K, committed 155132K, reserved 1183744K
  class space    used 18760K, capacity 20336K, committed 20556K, reserved 1048576K
}
Event: 2846.427 GC heap before
{Heap before GC invocations=221 (full 0):
 garbage-first heap   total 293888K, used 257129K [0x0000000080000000, 0x0000000100000000)
  region size 1024K, 14 young (14336K), 2 survivors (2048K)
 Metaspace       used 151091K, capacity 155525K, committed 155900K, reserved 1185792K
  class space    used 18816K, capacity 20400K, committed 20556K, reserved 1048576K
}
Event: 2846.437 GC heap after
{Heap after GC invocations=222 (full 0):
 garbage-first heap   total 293888K, used 247363K [0x0000000080000000, 0x0000000100000000)
  region size 1024K, 2 young (2048K), 2 survivors (2048K)
 Metaspace       used 151091K, capacity 155525K, committed 155900K, reserved 1185792K
  class space    used 18816K, capacity 20400K, committed 20556K, reserved 1048576K
}
Event: 2846.656 GC heap before
{Heap before GC invocations=222 (full 0):
 garbage-first heap   total 293888K, used 259651K [0x0000000080000000, 0x0000000100000000)
  region size 1024K, 14 young (14336K), 2 survivors (2048K)
 Metaspace       used 152094K, capacity 156517K, committed 156796K, reserved 1185792K
  class space    used 18912K, capacity 20496K, committed 20684K, reserved 1048576K
}
Event: 2846.673 GC heap after
{Heap after GC invocations=223 (full 0):
 garbage-first heap   total 293888K, used 248022K [0x0000000080000000, 0x0000000100000000)
  region size 1024K, 2 young (2048K), 2 survivors (2048K)
 Metaspace       used 152094K, capacity 156517K, committed 156796K, reserved 1185792K
  class space    used 18912K, capacity 20496K, committed 20684K, reserved 1048576K
}
Event: 2846.970 GC heap before
{Heap before GC invocations=223 (full 0):
 garbage-first heap   total 293888K, used 260310K [0x0000000080000000, 0x0000000100000000)
  region size 1024K, 14 young (14336K), 2 survivors (2048K)
 Metaspace       used 152489K, capacity 156997K, committed 157308K, reserved 1185792K
  class space    used 18943K, capacity 20528K, committed 20684K, reserved 1048576K
}
Event: 2846.982 GC heap after
{Heap after GC invocations=224 (full 0):
 garbage-first heap   total 293888K, used 250067K [0x0000000080000000, 0x0000000100000000)
  region size 1024K, 2 young (2048K), 2 survivors (2048K)
 Metaspace       used 152489K, capacity 156997K, committed 157308K, reserved 1185792K
  class space    used 18943K, capacity 20528K, committed 20684K, reserved 1048576K
}
Event: 2847.450 GC heap before
{Heap before GC invocations=224 (full 0):
 garbage-first heap   total 293888K, used 262355K [0x0000000080000000, 0x0000000100000000)
  region size 1024K, 14 young (14336K), 2 survivors (2048K)
 Metaspace       used 152672K, capacity 157125K, committed 157564K, reserved 1185792K
  class space    used 18946K, capacity 20528K, committed 20684K, reserved 1048576K
}
Event: 2847.462 GC heap after
{Heap after GC invocations=225 (full 0):
 garbage-first heap   total 293888K, used 251396K [0x0000000080000000, 0x0000000100000000)
  region size 1024K, 2 young (2048K), 2 survivors (2048K)
 Metaspace       used 152672K, capacity 157125K, committed 157564K, reserved 1185792K
  class space    used 18946K, capacity 20528K, committed 20684K, reserved 1048576K
}
Event: 2847.690 GC heap before
{Heap before GC invocations=225 (full 0):
 garbage-first heap   total 293888K, used 263684K [0x0000000080000000, 0x0000000100000000)
  region size 1024K, 14 young (14336K), 2 survivors (2048K)
 Metaspace       used 153042K, capacity 157541K, committed 157820K, reserved 1185792K
  class space    used 18972K, capacity 20560K, committed 20684K, reserved 1048576K
}
Event: 2847.937 GC heap after
{Heap after GC invocations=226 (full 0):
 garbage-first heap   total 353280K, used 253494K [0x0000000080000000, 0x0000000100000000)
  region size 1024K, 2 young (2048K), 2 survivors (2048K)
 Metaspace       used 153042K, capacity 157541K, committed 157820K, reserved 1185792K
  class space    used 18972K, capacity 20560K, committed 20684K, reserved 1048576K
}
Event: 2848.448 GC heap before
{Heap before GC invocations=227 (full 0):
 garbage-first heap   total 353280K, used 257590K [0x0000000080000000, 0x0000000100000000)
  region size 1024K, 30 young (30720K), 2 survivors (2048K)
 Metaspace       used 153206K, capacity 157669K, committed 158076K, reserved 1187840K
  class space    used 18983K, capacity 20560K, committed 20684K, reserved 1048576K
}
Event: 2848.459 GC heap after
{Heap after GC invocations=228 (full 0):
 garbage-first heap   total 353280K, used 227988K [0x0000000080000000, 0x0000000100000000)
  region size 1024K, 2 young (2048K), 2 survivors (2048K)
 Metaspace       used 153206K, capacity 157669K, committed 158076K, reserved 1187840K
  class space    used 18983K, capacity 20560K, committed 20684K, reserved 1048576K
}
Event: 2848.640 GC heap before
{Heap before GC invocations=228 (full 0):
 garbage-first heap   total 353280K, used 242324K [0x0000000080000000, 0x0000000100000000)
  region size 1024K, 17 young (17408K), 2 survivors (2048K)
 Metaspace       used 153222K, capacity 157669K, committed 158076K, reserved 1187840K
  class space    used 18983K, capacity 20560K, committed 20684K, reserved 1048576K
}
Event: 2848.666 GC heap after
{Heap after GC invocations=229 (full 0):
 garbage-first heap   total 353280K, used 204851K [0x0000000080000000, 0x0000000100000000)
  region size 1024K, 1 young (1024K), 1 survivors (1024K)
 Metaspace       used 153222K, capacity 157669K, committed 158076K, reserved 1187840K
  class space    used 18983K, capacity 20560K, committed 20684K, reserved 1048576K
}
Event: 2848.982 GC heap before
{Heap before GC invocations=229 (full 0):
 garbage-first heap   total 353280K, used 218163K [0x0000000080000000, 0x0000000100000000)
  region size 1024K, 15 young (15360K), 1 survivors (1024K)
 Metaspace       used 153413K, capacity 157861K, committed 158076K, reserved 1187840K
  class space    used 18989K, capacity 20560K, committed 20684K, reserved 1048576K
}
Event: 2848.997 GC heap after
{Heap after GC invocations=230 (full 0):
 garbage-first heap   total 353280K, used 204844K [0x0000000080000000, 0x0000000100000000)
  region size 1024K, 1 young (1024K), 1 survivors (1024K)
 Metaspace       used 153413K, capacity 157861K, committed 158076K, reserved 1187840K
  class space    used 18989K, capacity 20560K, committed 20684K, reserved 1048576K
}
Event: 2860.509 GC heap before
{Heap before GC invocations=231 (full 0):
 garbage-first heap   total 353280K, used 286764K [0x0000000080000000, 0x0000000100000000)
  region size 1024K, 52 young (53248K), 1 survivors (1024K)
 Metaspace       used 154610K, capacity 159160K, committed 159484K, reserved 1187840K
  class space    used 19121K, capacity 20713K, committed 20812K, reserved 1048576K
}

