# JRE version: OpenJDK Runtime Environment (11.0.13) (build 11.0.13+0-b1751.21-8125866)
# Java VM: OpenJDK 64-Bit Server VM (11.0.13+0-b1751.21-8125866, mixed mode, tiered, compressed oops, g1 gc, windows-amd64)
Heap:
 garbage-first heap   total 865280K, used 194713K [0x0000000080000000, 0x0000000100000000)
  region size 1024K, 2 young (2048K), 2 survivors (2048K)
 Metaspace       used 147093K, capacity 150784K, committed 151248K, reserved 1181696K
  class space    used 18044K, capacity 19460K, committed 19584K, reserved 1048576K
GC Heap History (20 events):
Event: 7974.964 GC heap after
{Heap after GC invocations=204 (full 0):
 garbage-first heap   total 278528K, used 195328K [0x0000000080000000, 0x0000000100000000)
  region size 1024K, 2 young (2048K), 2 survivors (2048K)
 Metaspace       used 145793K, capacity 149471K, committed 150224K, reserved 1179648K
  class space    used 17905K, capacity 19326K, committed 19584K, reserved 1048576K
}
Event: 7975.414 GC heap before
{Heap before GC invocations=204 (full 0):
 garbage-first heap   total 278528K, used 200448K [0x0000000080000000, 0x0000000100000000)
  region size 1024K, 9 young (9216K), 2 survivors (2048K)
 Metaspace       used 145800K, capacity 149471K, committed 150224K, reserved 1179648K
  class space    used 17905K, capacity 19326K, committed 19584K, reserved 1048576K
}
Event: 7975.741 GC heap after
{Heap after GC invocations=205 (full 0):
 garbage-first heap   total 557056K, used 198656K [0x0000000080000000, 0x0000000100000000)
  region size 1024K, 2 young (2048K), 2 survivors (2048K)
 Metaspace       used 145800K, capacity 149471K, committed 150224K, reserved 1179648K
  class space    used 17905K, capacity 19326K, committed 19584K, reserved 1048576K
}
Event: 7977.924 GC heap before
{Heap before GC invocations=206 (full 0):
 garbage-first heap   total 557056K, used 232448K [0x0000000080000000, 0x0000000100000000)
  region size 1024K, 27 young (27648K), 2 survivors (2048K)
 Metaspace       used 145802K, capacity 149471K, committed 150224K, reserved 1179648K
  class space    used 17905K, capacity 19326K, committed 19584K, reserved 1048576K
}
Event: 7978.025 GC heap after
{Heap after GC invocations=207 (full 0):
 garbage-first heap   total 557056K, used 203209K [0x0000000080000000, 0x0000000100000000)
  region size 1024K, 4 young (4096K), 4 survivors (4096K)
 Metaspace       used 145802K, capacity 149471K, committed 150224K, reserved 1179648K
  class space    used 17905K, capacity 19326K, committed 19584K, reserved 1048576K
}
Event: 7980.015 GC heap before
{Heap before GC invocations=207 (full 0):
 garbage-first heap   total 557056K, used 219593K [0x0000000080000000, 0x0000000100000000)
  region size 1024K, 22 young (22528K), 4 survivors (4096K)
 Metaspace       used 145824K, capacity 149471K, committed 150224K, reserved 1179648K
  class space    used 17905K, capacity 19326K, committed 19584K, reserved 1048576K
}
Event: 7980.385 GC heap after
{Heap after GC invocations=208 (full 0):
 garbage-first heap   total 557056K, used 207419K [0x0000000080000000, 0x0000000100000000)
  region size 1024K, 4 young (4096K), 4 survivors (4096K)
 Metaspace       used 145824K, capacity 149471K, committed 150224K, reserved 1179648K
  class space    used 17905K, capacity 19326K, committed 19584K, reserved 1048576K
}
Event: 7983.229 GC heap before
{Heap before GC invocations=209 (full 0):
 garbage-first heap   total 557056K, used 215611K [0x0000000080000000, 0x0000000100000000)
  region size 1024K, 6 young (6144K), 4 survivors (4096K)
 Metaspace       used 145824K, capacity 149471K, committed 150224K, reserved 1179648K
  class space    used 17905K, capacity 19326K, committed 19584K, reserved 1048576K
}
Event: 7984.463 GC heap after
{Heap after GC invocations=210 (full 0):
 garbage-first heap   total 557056K, used 212018K [0x0000000080000000, 0x0000000100000000)
  region size 1024K, 1 young (1024K), 1 survivors (1024K)
 Metaspace       used 145824K, capacity 149471K, committed 150224K, reserved 1179648K
  class space    used 17905K, capacity 19326K, committed 19584K, reserved 1048576K
}
Event: 7989.845 GC heap before
{Heap before GC invocations=211 (full 0):
 garbage-first heap   total 557056K, used 248882K [0x0000000080000000, 0x0000000100000000)
  region size 1024K, 27 young (27648K), 1 survivors (1024K)
 Metaspace       used 145889K, capacity 149537K, committed 150224K, reserved 1179648K
  class space    used 17911K, capacity 19337K, committed 19584K, reserved 1048576K
}
Event: 7989.897 GC heap after
{Heap after GC invocations=212 (full 0):
 garbage-first heap   total 557056K, used 216454K [0x0000000080000000, 0x0000000100000000)
  region size 1024K, 4 young (4096K), 4 survivors (4096K)
 Metaspace       used 145889K, capacity 149537K, committed 150224K, reserved 1179648K
  class space    used 17911K, capacity 19337K, committed 19584K, reserved 1048576K
}
Event: 7990.797 GC heap before
{Heap before GC invocations=212 (full 0):
 garbage-first heap   total 557056K, used 240006K [0x0000000080000000, 0x0000000100000000)
  region size 1024K, 27 young (27648K), 4 survivors (4096K)
 Metaspace       used 145926K, capacity 149613K, committed 150224K, reserved 1179648K
  class space    used 17912K, capacity 19339K, committed 19584K, reserved 1048576K
}
Event: 7990.808 GC heap after
{Heap after GC invocations=213 (full 0):
 garbage-first heap   total 557056K, used 215083K [0x0000000080000000, 0x0000000100000000)
  region size 1024K, 1 young (1024K), 1 survivors (1024K)
 Metaspace       used 145926K, capacity 149613K, committed 150224K, reserved 1179648K
  class space    used 17912K, capacity 19339K, committed 19584K, reserved 1048576K
}
Event: 7998.779 GC heap before
{Heap before GC invocations=214 (full 0):
 garbage-first heap   total 557056K, used 219179K [0x0000000080000000, 0x0000000100000000)
  region size 1024K, 27 young (27648K), 1 survivors (1024K)
 Metaspace       used 146728K, capacity 150391K, committed 150992K, reserved 1181696K
  class space    used 18001K, capacity 19422K, committed 19584K, reserved 1048576K
}
Event: 7998.793 GC heap after
{Heap after GC invocations=215 (full 0):
 garbage-first heap   total 557056K, used 194366K [0x0000000080000000, 0x0000000100000000)
  region size 1024K, 2 young (2048K), 2 survivors (2048K)
 Metaspace       used 146728K, capacity 150391K, committed 150992K, reserved 1181696K
  class space    used 18001K, capacity 19422K, committed 19584K, reserved 1048576K
}
Event: 8006.277 GC heap before
{Heap before GC invocations=215 (full 0):
 garbage-first heap   total 557056K, used 218942K [0x0000000080000000, 0x0000000100000000)
  region size 1024K, 27 young (27648K), 2 survivors (2048K)
 Metaspace       used 147016K, capacity 150639K, committed 150992K, reserved 1181696K
  class space    used 18038K, capacity 19456K, committed 19584K, reserved 1048576K
}
Event: 8006.365 GC heap after
{Heap after GC invocations=216 (full 0):
 garbage-first heap   total 557056K, used 195417K [0x0000000080000000, 0x0000000100000000)
  region size 1024K, 3 young (3072K), 3 survivors (3072K)
 Metaspace       used 147016K, capacity 150639K, committed 150992K, reserved 1181696K
  class space    used 18038K, capacity 19456K, committed 19584K, reserved 1048576K
}
Event: 8011.891 GC heap before
{Heap before GC invocations=217 (full 0):
 garbage-first heap   total 557056K, used 216921K [0x0000000080000000, 0x0000000100000000)
  region size 1024K, 27 young (27648K), 3 survivors (3072K)
 Metaspace       used 147067K, capacity 150711K, committed 150992K, reserved 1181696K
  class space    used 18042K, capacity 19457K, committed 19584K, reserved 1048576K
}
Event: 8012.050 GC heap after
{Heap after GC invocations=218 (full 0):
 garbage-first heap   total 557056K, used 194362K [0x0000000080000000, 0x0000000100000000)
  region size 1024K, 3 young (3072K), 3 survivors (3072K)
 Metaspace       used 147067K, capacity 150711K, committed 150992K, reserved 1181696K
  class space    used 18042K, capacity 19457K, committed 19584K, reserved 1048576K
}
Event: 8012.260 GC heap before
{Heap before GC invocations=218 (full 0):
 garbage-first heap   total 557056K, used 209722K [0x0000000080000000, 0x0000000100000000)
  region size 1024K, 19 young (19456K), 3 survivors (3072K)
 Metaspace       used 147093K, capacity 150784K, committed 151248K, reserved 1181696K
  class space    used 18044K, capacity 19460K, committed 19584K, reserved 1048576K
}

