# JRE version: OpenJDK Runtime Environment (11.0.13) (build 11.0.13+0-b1751.21-8125866)
# Java VM: OpenJDK 64-Bit Server VM (11.0.13+0-b1751.21-8125866, mixed mode, tiered, compressed oops, g1 gc, windows-amd64)
Heap:
 garbage-first heap   total 334848K, used 256188K [0x0000000080000000, 0x0000000100000000)
  region size 1024K, 112 young (114688K), 8 survivors (8192K)
 Metaspace       used 105679K, capacity 108529K, committed 108752K, reserved 1142784K
  class space    used 13464K, capacity 14586K, committed 14624K, reserved 1048576K
GC Heap History (20 events):
Event: 196.284 GC heap before
{Heap before GC invocations=95 (full 0):
 garbage-first heap   total 334848K, used 279157K [0x0000000080000000, 0x0000000100000000)
  region size 1024K, 134 young (137216K), 2 survivors (2048K)
 Metaspace       used 103838K, capacity 106347K, committed 106576K, reserved 1142784K
  class space    used 13225K, capacity 14209K, committed 14240K, reserved 1048576K
}
Event: 196.297 GC heap after
{Heap after GC invocations=96 (full 0):
 garbage-first heap   total 334848K, used 144757K [0x0000000080000000, 0x0000000100000000)
  region size 1024K, 3 young (3072K), 3 survivors (3072K)
 Metaspace       used 103838K, capacity 106347K, committed 106576K, reserved 1142784K
  class space    used 13225K, capacity 14209K, committed 14240K, reserved 1048576K
}
Event: 197.557 GC heap before
{Heap before GC invocations=96 (full 0):
 garbage-first heap   total 334848K, used 279925K [0x0000000080000000, 0x0000000100000000)
  region size 1024K, 135 young (138240K), 3 survivors (3072K)
 Metaspace       used 103871K, capacity 106413K, committed 106576K, reserved 1142784K
  class space    used 13225K, capacity 14209K, committed 14240K, reserved 1048576K
}
Event: 197.577 GC heap after
{Heap after GC invocations=97 (full 0):
 garbage-first heap   total 334848K, used 145256K [0x0000000080000000, 0x0000000100000000)
  region size 1024K, 3 young (3072K), 3 survivors (3072K)
 Metaspace       used 103871K, capacity 106413K, committed 106576K, reserved 1142784K
  class space    used 13225K, capacity 14209K, committed 14240K, reserved 1048576K
}
Event: 198.578 GC heap before
{Heap before GC invocations=97 (full 0):
 garbage-first heap   total 334848K, used 281448K [0x0000000080000000, 0x0000000100000000)
  region size 1024K, 137 young (140288K), 3 survivors (3072K)
 Metaspace       used 103897K, capacity 106417K, committed 106576K, reserved 1142784K
  class space    used 13226K, capacity 14210K, committed 14240K, reserved 1048576K
}
Event: 198.600 GC heap after
{Heap after GC invocations=98 (full 0):
 garbage-first heap   total 334848K, used 145678K [0x0000000080000000, 0x0000000100000000)
  region size 1024K, 4 young (4096K), 4 survivors (4096K)
 Metaspace       used 103897K, capacity 106417K, committed 106576K, reserved 1142784K
  class space    used 13226K, capacity 14210K, committed 14240K, reserved 1048576K
}
Event: 199.690 GC heap before
{Heap before GC invocations=98 (full 0):
 garbage-first heap   total 334848K, used 283918K [0x0000000080000000, 0x0000000100000000)
  region size 1024K, 139 young (142336K), 4 survivors (4096K)
 Metaspace       used 103934K, capacity 106429K, committed 106576K, reserved 1142784K
  class space    used 13233K, capacity 14214K, committed 14240K, reserved 1048576K
}
Event: 199.707 GC heap after
{Heap after GC invocations=99 (full 0):
 garbage-first heap   total 334848K, used 146461K [0x0000000080000000, 0x0000000100000000)
  region size 1024K, 5 young (5120K), 5 survivors (5120K)
 Metaspace       used 103934K, capacity 106429K, committed 106576K, reserved 1142784K
  class space    used 13233K, capacity 14214K, committed 14240K, reserved 1048576K
}
Event: 200.892 GC heap before
{Heap before GC invocations=99 (full 0):
 garbage-first heap   total 334848K, used 285725K [0x0000000080000000, 0x0000000100000000)
  region size 1024K, 141 young (144384K), 5 survivors (5120K)
 Metaspace       used 103990K, capacity 106508K, committed 106576K, reserved 1142784K
  class space    used 13236K, capacity 14219K, committed 14240K, reserved 1048576K
}
Event: 200.918 GC heap after
{Heap after GC invocations=100 (full 0):
 garbage-first heap   total 334848K, used 147218K [0x0000000080000000, 0x0000000100000000)
  region size 1024K, 5 young (5120K), 5 survivors (5120K)
 Metaspace       used 103990K, capacity 106508K, committed 106576K, reserved 1142784K
  class space    used 13236K, capacity 14219K, committed 14240K, reserved 1048576K
}
Event: 202.046 GC heap before
{Heap before GC invocations=100 (full 0):
 garbage-first heap   total 334848K, used 290578K [0x0000000080000000, 0x0000000100000000)
  region size 1024K, 145 young (148480K), 5 survivors (5120K)
 Metaspace       used 104029K, capacity 106583K, committed 106832K, reserved 1142784K
  class space    used 13238K, capacity 14222K, committed 14240K, reserved 1048576K
}
Event: 202.069 GC heap after
{Heap after GC invocations=101 (full 0):
 garbage-first heap   total 334848K, used 147777K [0x0000000080000000, 0x0000000100000000)
  region size 1024K, 6 young (6144K), 6 survivors (6144K)
 Metaspace       used 104029K, capacity 106583K, committed 106832K, reserved 1142784K
  class space    used 13238K, capacity 14222K, committed 14240K, reserved 1048576K
}
Event: 203.179 GC heap before
{Heap before GC invocations=101 (full 0):
 garbage-first heap   total 334848K, used 290113K [0x0000000080000000, 0x0000000100000000)
  region size 1024K, 145 young (148480K), 6 survivors (6144K)
 Metaspace       used 104055K, capacity 106591K, committed 106832K, reserved 1142784K
  class space    used 13240K, capacity 14225K, committed 14240K, reserved 1048576K
}
Event: 203.206 GC heap after
{Heap after GC invocations=102 (full 0):
 garbage-first heap   total 334848K, used 148304K [0x0000000080000000, 0x0000000100000000)
  region size 1024K, 6 young (6144K), 6 survivors (6144K)
 Metaspace       used 104055K, capacity 106591K, committed 106832K, reserved 1142784K
  class space    used 13240K, capacity 14225K, committed 14240K, reserved 1048576K
}
Event: 204.355 GC heap before
{Heap before GC invocations=102 (full 0):
 garbage-first heap   total 334848K, used 291664K [0x0000000080000000, 0x0000000100000000)
  region size 1024K, 146 young (149504K), 6 survivors (6144K)
 Metaspace       used 104070K, capacity 106595K, committed 106832K, reserved 1142784K
  class space    used 13241K, capacity 14226K, committed 14240K, reserved 1048576K
}
Event: 204.382 GC heap after
{Heap after GC invocations=103 (full 0):
 garbage-first heap   total 334848K, used 148886K [0x0000000080000000, 0x0000000100000000)
  region size 1024K, 7 young (7168K), 7 survivors (7168K)
 Metaspace       used 104070K, capacity 106595K, committed 106832K, reserved 1142784K
  class space    used 13241K, capacity 14226K, committed 14240K, reserved 1048576K
}
Event: 205.470 GC heap before
{Heap before GC invocations=103 (full 0):
 garbage-first heap   total 334848K, used 292246K [0x0000000080000000, 0x0000000100000000)
  region size 1024K, 147 young (150528K), 7 survivors (7168K)
 Metaspace       used 104079K, capacity 106596K, committed 106832K, reserved 1142784K
  class space    used 13241K, capacity 14226K, committed 14240K, reserved 1048576K
}
Event: 205.504 GC heap after
{Heap after GC invocations=104 (full 0):
 garbage-first heap   total 334848K, used 149671K [0x0000000080000000, 0x0000000100000000)
  region size 1024K, 8 young (8192K), 8 survivors (8192K)
 Metaspace       used 104079K, capacity 106596K, committed 106832K, reserved 1142784K
  class space    used 13241K, capacity 14226K, committed 14240K, reserved 1048576K
}
Event: 206.608 GC heap before
{Heap before GC invocations=104 (full 0):
 garbage-first heap   total 334848K, used 292007K [0x0000000080000000, 0x0000000100000000)
  region size 1024K, 147 young (150528K), 8 survivors (8192K)
 Metaspace       used 104097K, capacity 106596K, committed 106832K, reserved 1142784K
  class space    used 13241K, capacity 14226K, committed 14240K, reserved 1048576K
}
Event: 206.641 GC heap after
{Heap after GC invocations=105 (full 0):
 garbage-first heap   total 334848K, used 150213K [0x0000000080000000, 0x0000000100000000)
  region size 1024K, 8 young (8192K), 8 survivors (8192K)
 Metaspace       used 104097K, capacity 106596K, committed 106832K, reserved 1142784K
  class space    used 13241K, capacity 14226K, committed 14240K, reserved 1048576K
}

